2026-03-07 14:45:28,352 - INFO - ==================================================
2026-03-07 14:45:28,353 - INFO - V2Ray 节点爬虫开始运行
2026-03-07 14:45:28,353 - INFO - ==================================================
2026-03-07 14:45:28,353 - INFO - 开始爬取: https://v2raya.net/free-nodes/free-v2ray-node-subscriptions.html
2026-03-07 14:59:56,697 - INFO - ==================================================
2026-03-07 14:59:56,697 - INFO - V2Ray 节点爬虫开始运行
2026-03-07 14:59:56,744 - INFO - ==================================================
2026-03-07 14:59:56,744 - INFO - 开始爬取: https://v2raya.net/free-nodes/free-v2ray-node-subscriptions.html
2026-03-07 14:59:56,745 - INFO - 正在初始化Chrome浏览器...
2026-03-07 14:59:56,746 - INFO - ====== WebDriver manager ======
2026-03-07 14:59:59,352 - INFO - Get LATEST chromedriver version for google-chrome
2026-03-07 15:00:03,796 - INFO - Get LATEST chromedriver version for google-chrome
2026-03-07 15:00:05,844 - INFO - Driver [C:\Users\Administrator\.wdm\drivers\chromedriver\win64\145.0.7632.117\chromedriver-win32/chromedriver.exe] found in cache
2026-03-07 15:00:22,041 - INFO - 正在访问页面: https://v2raya.net/free-nodes/free-v2ray-node-subscriptions.html
2026-03-07 15:00:57,708 - INFO - 页面抓取成功
2026-03-07 15:00:57,709 - INFO - 找到 16 个订阅源
2026-03-07 15:00:57,709 - INFO - [1/16] 正在解析: https://fn12.sp1230.top/s/41fe9b518329b539d22f3e5a5b510bd9
2026-03-07 15:01:03,610 - INFO -    成功获取 9 个节点
2026-03-07 15:01:03,611 - INFO - [2/16] 正在解析: https://fn12.sp1230.top/s/bd81f152480fc95f6405f2c0bb2e872b
2026-03-07 15:01:07,784 - INFO -    成功获取 9 个节点
2026-03-07 15:01:07,784 - INFO - [3/16] 正在解析: https://fn12.sp1230.top/s/3da7a583a88ffbedcdcff60d546d3729
2026-03-07 15:01:11,047 - INFO -    成功获取 9 个节点
2026-03-07 15:01:11,047 - INFO - [4/16] 正在解析: https://fn12.sp1230.top/s/5104919e66190635af83ef149590aedf
2026-03-07 15:01:15,577 - INFO -    成功获取 9 个节点
2026-03-07 15:01:15,578 - INFO - [5/16] 正在解析: https://fn12.sp1230.top/s/2e75ca35f2ebba9dc6c068fcaba21d30
2026-03-07 15:01:19,581 - INFO -    成功获取 9 个节点
2026-03-07 15:01:19,581 - INFO - [6/16] 正在解析: https://fn12.sp1230.top/s/4e79e4762a978d28fb9c9e9b0a8a942b
2026-03-07 15:01:25,579 - INFO -    成功获取 9 个节点
2026-03-07 15:01:25,580 - INFO - [7/16] 正在解析: https://fn12.sp1230.top/s/bc3cf68bfdc1973023aedb7399980b16
2026-03-07 15:01:30,778 - INFO -    成功获取 9 个节点
2026-03-07 15:01:30,778 - INFO - [8/16] 正在解析: https://fn12.sp1230.top/s/2c57dabf4183c9c65ea97630dd1a4936
2026-03-07 15:01:35,581 - INFO -    成功获取 9 个节点
2026-03-07 15:01:35,581 - INFO - [9/16] 正在解析: https://fn12.sp1230.top/s/205904b37398dda18c08499c3f3b9528
2026-03-07 15:01:41,264 - INFO -    成功获取 9 个节点
2026-03-07 15:01:41,265 - INFO - [10/16] 正在解析: https://fn12.sp1230.top/s/39bfbae3fbd42c79ecd2a2602fe5a182
2026-03-07 15:01:48,574 - INFO -    成功获取 9 个节点
2026-03-07 15:01:48,575 - INFO - [11/16] 正在解析: https://fn12.sp1230.top/s/102dabb246d4c1a6f5bcb78edd9e4c94
2026-03-07 15:01:51,574 - INFO -    成功获取 9 个节点
2026-03-07 15:01:51,575 - INFO - [12/16] 正在解析: https://fn12.sp1230.top/s/11f0f6370f9ad348aef4236fbc257f53
2026-03-07 15:01:56,573 - INFO -    成功获取 9 个节点
2026-03-07 15:01:56,573 - INFO - [13/16] 正在解析: https://fn12.sp1230.top/s/038411fcbe592c8ea92f45fd9c9713db
2026-03-07 15:02:02,294 - INFO -    成功获取 9 个节点
2026-03-07 15:02:02,294 - INFO - [14/16] 正在解析: https://fn12.sp1230.top/s/1357509fd29dfda6ce2f7326f144fdd5
2026-03-07 15:02:06,578 - INFO -    成功获取 9 个节点
2026-03-07 15:02:06,578 - INFO - [15/16] 正在解析: https://fn12.sp1230.top/s/d15e5ba479208d81706565a9b6a3b3b6
2026-03-07 15:02:10,581 - INFO -    成功获取 9 个节点
2026-03-07 15:02:10,581 - INFO - [16/16] 正在解析: https://fn12.sp1230.top/s/b2ef506df2055d11a3fa427000218e6f
2026-03-07 15:02:17,593 - INFO -    成功获取 9 个节点
2026-03-07 15:02:17,593 - INFO - 去重前: 144 个节点, 去重后: 144 个节点
2026-03-07 15:02:17,593 - INFO - 
[STATS] 爬取统计:
2026-03-07 15:02:17,593 - INFO -    总订阅源: 16
2026-03-07 15:02:17,593 - INFO -    成功订阅源: 16
2026-03-07 15:02:17,593 - INFO -    失败订阅源: 0
2026-03-07 15:02:17,594 - INFO -    发现总节点: 528
2026-03-07 15:02:17,594 - INFO -    有效节点: 144
2026-03-07 15:02:17,594 - INFO -    最终节点(去重后): 144
2026-03-07 15:02:17,594 - INFO -    耗时: 140.85 秒
2026-03-07 15:02:17,622 - INFO - 已保存到 nodes.txt (共 144 个节点)
2026-03-07 15:02:20,574 - INFO - Dpaste 镜像: https://dpaste.com/2JD23AMGE.txt
2026-03-07 15:02:20,577 - INFO - 爬虫执行成功
